{"total": {"lines":{"total":7,"covered":6,"skipped":0,"pct":85.71},"statements":{"total":7,"covered":6,"skipped":0,"pct":85.71},"functions":{"total":3,"covered":3,"skipped":0,"pct":100},"branches":{"total":4,"covered":3,"skipped":0,"pct":75}}
,"/Users/luisfilipe/Desktop/vue-jest-unit-simple-test/src/components/Counter.vue": {"lines":{"total":7,"covered":6,"skipped":0,"pct":85.71},"functions":{"total":3,"covered":3,"skipped":0,"pct":100},"statements":{"total":7,"covered":6,"skipped":0,"pct":85.71},"branches":{"total":4,"covered":3,"skipped":0,"pct":75}}
}
