{"total": {"lines":{"total":61,"covered":29,"skipped":0,"pct":47.54},"statements":{"total":64,"covered":29,"skipped":0,"pct":45.31},"functions":{"total":21,"covered":12,"skipped":0,"pct":57.14},"branches":{"total":26,"covered":10,"skipped":0,"pct":38.46}}
,"/Users/luisfilipe/Desktop/vue-jest-unit-simple-test/src/components/CountdownTimer.vue": {"lines":{"total":29,"covered":23,"skipped":0,"pct":79.31},"functions":{"total":11,"covered":9,"skipped":0,"pct":81.82},"statements":{"total":29,"covered":23,"skipped":0,"pct":79.31},"branches":{"total":12,"covered":7,"skipped":0,"pct":58.33}}
,"/Users/luisfilipe/Desktop/vue-jest-unit-simple-test/src/components/Counter.vue": {"lines":{"total":7,"covered":6,"skipped":0,"pct":85.71},"functions":{"total":3,"covered":3,"skipped":0,"pct":100},"statements":{"total":7,"covered":6,"skipped":0,"pct":85.71},"branches":{"total":4,"covered":3,"skipped":0,"pct":75}}
,"/Users/luisfilipe/Desktop/vue-jest-unit-simple-test/src/components/PipelineStatus.vue": {"lines":{"total":4,"covered":0,"skipped":0,"pct":0},"functions":{"total":1,"covered":0,"skipped":0,"pct":0},"statements":{"total":5,"covered":0,"skipped":0,"pct":0},"branches":{"total":2,"covered":0,"skipped":0,"pct":0}}
,"/Users/luisfilipe/Desktop/vue-jest-unit-simple-test/src/components/Pomodoro.vue": {"lines":{"total":21,"covered":0,"skipped":0,"pct":0},"functions":{"total":6,"covered":0,"skipped":0,"pct":0},"statements":{"total":23,"covered":0,"skipped":0,"pct":0},"branches":{"total":8,"covered":0,"skipped":0,"pct":0}}
}
